[2025-12-24 11:30:43]	compilation failed at : "d:\51Project\03-流水灯\src\main.c", exit code: 2
command: 
  "d:\QRSsoftware\Keil_v5\C51\BIN\C51.exe" .\src\main.c OMF2 TABS(4) CODE NOCOND SYMBOLS INCDIR(inc;../../QRSsoftware/Keil_v5/C51/INC;src) DEFINE(__UVISION_VERSION='526') OPTIMIZE(8,SPEED) SMALL ROM(LARGE) PRINT(.\build\Debug\.obj\src\main.lst) OBJECT(.\build\Debug\.obj\src\main.o)
   at unify_builder.Program.Main(String[] args_)
---
C51 COMPILER V9.60.7.0 - SN: K1DZC-HWNA8C
COPYRIGHT Copyright (C) 2012 - 2022 ARM Limited or its Affiliates. All rights reserved.
*** ERROR C320 IN LINE 13 OF inc\reg52.h: "This header file must be used for SDCC compiler !"
*** ERROR C129 IN LINE 19 OF inc\reg52.h: missing ';' before 'sfr'
*** WARNING C318 IN LINE 8 OF .\src\main.c: can't open file 'STC89C5xRC.H'

C51 COMPILATION COMPLETE.  1 WARNING(S),  2 ERROR(S)

[2025-12-24 11:34:51]	compilation failed at : "d:\51Project\03-流水灯\src\main.c", exit code: 2
command: 
  "d:\QRSsoftware\Keil_v5\C51\BIN\C51.exe" .\src\main.c OMF2 TABS(4) CODE NOCOND SYMBOLS INCDIR(inc;../../QRSsoftware/Keil_v5/C51/INC;src) DEFINE(__UVISION_VERSION='526') OPTIMIZE(8,SPEED) SMALL ROM(LARGE) PRINT(.\build\Debug\.obj\src\main.lst) OBJECT(.\build\Debug\.obj\src\main.o)
   at unify_builder.Program.Main(String[] args_)
---
C51 COMPILER V9.60.7.0 - SN: K1DZC-HWNA8C
COPYRIGHT Copyright (C) 2012 - 2022 ARM Limited or its Affiliates. All rights reserved.
*** WARNING C318 IN LINE 5 OF .\src\main.c: can't open file 'STC89C5xRC.H'
*** ERROR C129 IN LINE 9 OF .\src\main.c: missing ';' before 'typedef'

C51 COMPILATION COMPLETE.  1 WARNING(S),  1 ERROR(S)

[2025-12-24 11:37:38]	compilation failed at : "d:\51Project\03-流水灯\src\main.c", exit code: 2
command: 
  "d:\QRSsoftware\Keil_v5\C51\BIN\C51.exe" .\src\main.c OMF2 TABS(4) CODE NOCOND SYMBOLS INCDIR(inc;../../QRSsoftware/Keil_v5/C51/INC;src) DEFINE(__UVISION_VERSION='526') OPTIMIZE(8,SPEED) SMALL ROM(LARGE) PRINT(.\build\Debug\.obj\src\main.lst) OBJECT(.\build\Debug\.obj\src\main.o)
   at unify_builder.Program.Main(String[] args_)
---
C51 COMPILER V9.60.7.0 - SN: K1DZC-HWNA8C
COPYRIGHT Copyright (C) 2012 - 2022 ARM Limited or its Affiliates. All rights reserved.
*** WARNING C318 IN LINE 5 OF .\src\main.c: can't open file 'STC89C5xRC.H'
*** ERROR C129 IN LINE 9 OF .\src\main.c: missing ';' before 'typedef'

C51 COMPILATION COMPLETE.  1 WARNING(S),  1 ERROR(S)

[2025-12-24 11:38:05]	compilation failed at : "d:\51Project\03-流水灯\src\main.c", exit code: 2
command: 
  "d:\QRSsoftware\Keil_v5\C51\BIN\C51.exe" .\src\main.c OMF2 TABS(4) CODE NOCOND SYMBOLS INCDIR(inc;../../QRSsoftware/Keil_v5/C51/INC;src) DEFINE(__UVISION_VERSION='526') OPTIMIZE(8,SPEED) SMALL ROM(LARGE) PRINT(.\build\Debug\.obj\src\main.lst) OBJECT(.\build\Debug\.obj\src\main.o)
   at unify_builder.Program.Main(String[] args_)
---
C51 COMPILER V9.60.7.0 - SN: K1DZC-HWNA8C
COPYRIGHT Copyright (C) 2012 - 2022 ARM Limited or its Affiliates. All rights reserved.
*** WARNING C318 IN LINE 5 OF .\src\main.c: can't open file 'STC89C5xRC.H'
*** ERROR C202 IN LINE 28 OF .\src\main.c: 'P0': undefined identifier

C51 COMPILATION COMPLETE.  1 WARNING(S),  1 ERROR(S)

[2025-12-24 11:39:41]	compilation failed at : "d:\51Project\03-流水灯\src\main.c", exit code: 2
command: 
  "d:\QRSsoftware\Keil_v5\C51\BIN\C51.exe" .\src\main.c OMF2 TABS(4) CODE NOCOND SYMBOLS INCDIR(inc;../../QRSsoftware/Keil_v5/C51/INC;src) DEFINE(__UVISION_VERSION='526') OPTIMIZE(8,SPEED) SMALL ROM(LARGE) PRINT(.\build\Debug\.obj\src\main.lst) OBJECT(.\build\Debug\.obj\src\main.o)
   at unify_builder.Program.Main(String[] args_)
---
C51 COMPILER V9.60.7.0 - SN: K1DZC-HWNA8C
COPYRIGHT Copyright (C) 2012 - 2022 ARM Limited or its Affiliates. All rights reserved.
*** WARNING C318 IN LINE 5 OF .\src\main.c: can't open file 'STC89C5xRC.H'
*** ERROR C202 IN LINE 28 OF .\src\main.c: 'P0': undefined identifier

C51 COMPILATION COMPLETE.  1 WARNING(S),  1 ERROR(S)

[2025-12-24 11:43:54]	[done]
	build successfully !

[2025-12-24 14:14:44]	compilation failed at : "d:\51Project\03-流水灯\src\main.c", exit code: 2
command: 
  "d:\QRSsoftware\Keil_v5\C51\BIN\C51.exe" .\src\main.c OMF2 TABS(4) CODE NOCOND SYMBOLS INCDIR(inc;../../QRSsoftware/Keil_v5/C51/INC/STC;../../QRSsoftware/Keil_v5/C51/INC;src) DEFINE(__UVISION_VERSION='526') OPTIMIZE(8,SPEED) SMALL ROM(LARGE) PRINT(.\build\Debug\.obj\src\main.lst) OBJECT(.\build\Debug\.obj\src\main.o)
   at unify_builder.Program.Main(String[] args_)
---
C51 COMPILER V9.60.7.0 - SN: K1DZC-HWNA8C
COPYRIGHT Copyright (C) 2012 - 2022 ARM Limited or its Affiliates. All rights reserved.
*** ERROR C251 IN LINE 25 OF .\src\main.c: illegal octal digit
*** ERROR C251 IN LINE 32 OF .\src\main.c: illegal octal digit

C51 COMPILATION COMPLETE.  0 WARNING(S),  2 ERROR(S)

[2025-12-24 14:16:19]	compilation failed at : "d:\51Project\03-流水灯\src\main.c", exit code: 2
command: 
  "d:\QRSsoftware\Keil_v5\C51\BIN\C51.exe" .\src\main.c OMF2 TABS(4) CODE NOCOND SYMBOLS INCDIR(inc;../../QRSsoftware/Keil_v5/C51/INC/STC;../../QRSsoftware/Keil_v5/C51/INC;src) DEFINE(__UVISION_VERSION='526') OPTIMIZE(8,SPEED) SMALL ROM(LARGE) PRINT(.\build\Debug\.obj\src\main.lst) OBJECT(.\build\Debug\.obj\src\main.o)
   at unify_builder.Program.Main(String[] args_)
---
C51 COMPILER V9.60.7.0 - SN: K1DZC-HWNA8C
COPYRIGHT Copyright (C) 2012 - 2022 ARM Limited or its Affiliates. All rights reserved.
*** ERROR C251 IN LINE 25 OF .\src\main.c: illegal octal digit
*** ERROR C251 IN LINE 32 OF .\src\main.c: illegal octal digit

C51 COMPILATION COMPLETE.  0 WARNING(S),  2 ERROR(S)

[2025-12-24 14:16:54]	[done]
	build successfully !

[2025-12-24 14:18:42]	[done]
	build successfully !

[2025-12-24 14:30:40]	[done]
	build successfully !

[2025-12-24 14:33:02]	[done]
	build successfully !

[2025-12-24 15:41:48]	compilation failed at : "d:\51Project\03-流水灯\src\main.c", exit code: 2
command: 
  "d:\QRSsoftware\Keil_v5\C51\BIN\C51.exe" .\src\main.c OMF2 TABS(4) CODE NOCOND SYMBOLS INCDIR(inc;../../QRSsoftware/Keil_v5/C51/INC/STC;../../QRSsoftware/Keil_v5/C51/INC;src) DEFINE(__UVISION_VERSION='526') OPTIMIZE(8,SPEED) SMALL ROM(LARGE) PRINT(.\build\Debug\.obj\src\main.lst) OBJECT(.\build\Debug\.obj\src\main.o)
   at unify_builder.Program.Main(String[] args_)
---
C51 COMPILER V9.60.7.0 - SN: K1DZC-HWNA8C
COPYRIGHT Copyright (C) 2012 - 2022 ARM Limited or its Affiliates. All rights reserved.
*** ERROR C141 IN LINE 40 OF .\src\main.c: syntax error near 'temp', expected ';'

C51 COMPILATION COMPLETE.  0 WARNING(S),  1 ERROR(S)

[2025-12-24 15:42:25]	[done]
	build successfully !

[2025-12-24 17:07:51]	[done]
	build successfully !

[2025-12-24 19:29:26]	[done]
	build successfully !

