[2025-12-24 20:28:26]	[done]
	build successfully !

[2025-12-24 20:31:37]	[done]
	build successfully !

[2025-12-24 20:32:12]	compilation failed at : "d:\51Project\04-数码管\src\main.c", exit code: 2
command: 
  "d:\QRSsoftware\Keil_v5\C51\BIN\C51.exe" .\src\main.c OMF2 TABS(4) CODE NOCOND SYMBOLS INCDIR(inc;../../QRSsoftware/Keil_v5/C51/INC/STC;../../QRSsoftware/Keil_v5/C51/INC;src) DEFINE(__UVISION_VERSION='526') OPTIMIZE(8,SPEED) SMALL ROM(LARGE) PRINT(.\build\Debug\.obj\src\main.lst) OBJECT(.\build\Debug\.obj\src\main.o)
   at unify_builder.Program.Main(String[] args_)
---
C51 COMPILER V9.60.7.0 - SN: K1DZC-HWNA8C
COPYRIGHT Copyright (C) 2012 - 2022 ARM Limited or its Affiliates. All rights reserved.
*** ERROR C141 IN LINE 11 OF .\src\main.c: syntax error near '}', expected '__asm'

C51 COMPILATION COMPLETE.  0 WARNING(S),  1 ERROR(S)

[2025-12-24 20:32:24]	[done]
	build successfully !

[2025-12-24 21:15:35]	[done]
	build successfully !

[2025-12-24 21:18:43]	[done]
	build successfully !

[2025-12-24 21:18:51]	[done]
	build successfully !

[2025-12-25 10:01:17]	compilation failed at : "d:\51Project\04-数码管\src\main.c", exit code: 2
command: 
  "d:\QRSsoftware\Keil_v5\C51\BIN\C51.exe" .\src\main.c OMF2 TABS(4) CODE NOCOND SYMBOLS INCDIR(inc;../../QRSsoftware/Keil_v5/C51/INC/STC;../../QRSsoftware/Keil_v5/C51/INC;src) DEFINE(__UVISION_VERSION='526') OPTIMIZE(8,SPEED) SMALL ROM(LARGE) PRINT(.\build\Debug\.obj\src\main.lst) OBJECT(.\build\Debug\.obj\src\main.o)
   at unify_builder.Program.Main(String[] args_)
---
C51 COMPILER V9.60.7.0 - SN: K1DZC-HWNA8C
COPYRIGHT Copyright (C) 2012 - 2022 ARM Limited or its Affiliates. All rights reserved.
*** ERROR C141 IN LINE 7 OF .\src\main.c: syntax error near '[', expected 'hdata'
*** ERROR C141 IN LINE 7 OF .\src\main.c: syntax error near '}', expected ';'
*** ERROR C141 IN LINE 8 OF .\src\main.c: syntax error near 'u8', expected 'sizeof'

C51 COMPILATION COMPLETE.  0 WARNING(S),  3 ERROR(S)

[2025-12-25 10:01:57]	compilation failed at : "d:\51Project\04-数码管\src\main.c", exit code: 2
command: 
  "d:\QRSsoftware\Keil_v5\C51\BIN\C51.exe" .\src\main.c OMF2 TABS(4) CODE NOCOND SYMBOLS INCDIR(inc;../../QRSsoftware/Keil_v5/C51/INC/STC;../../QRSsoftware/Keil_v5/C51/INC;src) DEFINE(__UVISION_VERSION='526') OPTIMIZE(8,SPEED) SMALL ROM(LARGE) PRINT(.\build\Debug\.obj\src\main.lst) OBJECT(.\build\Debug\.obj\src\main.o)
   at unify_builder.Program.Main(String[] args_)
---
C51 COMPILER V9.60.7.0 - SN: K1DZC-HWNA8C
COPYRIGHT Copyright (C) 2012 - 2022 ARM Limited or its Affiliates. All rights reserved.
*** ERROR C141 IN LINE 7 OF .\src\main.c: syntax error near '[', expected 'hdata'
*** ERROR C141 IN LINE 7 OF .\src\main.c: syntax error near '}', expected ';'

C51 COMPILATION COMPLETE.  0 WARNING(S),  2 ERROR(S)

[2025-12-25 10:02:51]	[done]
	build successfully !

[2025-12-25 10:03:12]	compilation failed at : "d:\51Project\04-数码管\src\main.c", exit code: 2
command: 
  "d:\QRSsoftware\Keil_v5\C51\BIN\C51.exe" .\src\main.c OMF2 TABS(4) CODE NOCOND SYMBOLS INCDIR(inc;../../QRSsoftware/Keil_v5/C51/INC/STC;../../QRSsoftware/Keil_v5/C51/INC;src) DEFINE(__UVISION_VERSION='526') OPTIMIZE(8,SPEED) SMALL ROM(LARGE) PRINT(.\build\Debug\.obj\src\main.lst) OBJECT(.\build\Debug\.obj\src\main.o)
   at unify_builder.Program.Main(String[] args_)
---
C51 COMPILER V9.60.7.0 - SN: K1DZC-HWNA8C
COPYRIGHT Copyright (C) 2012 - 2022 ARM Limited or its Affiliates. All rights reserved.
*** ERROR C200 IN LINE 8 OF .\src\main.c: left side of '.' requires struct/union

C51 COMPILATION COMPLETE.  0 WARNING(S),  1 ERROR(S)

[2025-12-25 10:09:33]	[done]
	build successfully !

[2025-12-25 10:10:44]	[done]
	build successfully !

[2025-12-25 10:23:37]	[done]
	build successfully !

[2025-12-25 10:28:21]	[done]
	build successfully !

[2025-12-25 10:28:44]	[done]
	build successfully !

[2025-12-25 10:32:36]	[done]
	build successfully !

[2025-12-25 10:33:25]	[done]
	build successfully !

[2025-12-25 10:33:40]	[done]
	build successfully !

[2025-12-25 10:36:09]	[done]
	build successfully !

[2025-12-25 10:48:20]	compilation failed at : "d:\51Project\04-数码管\src\main.c", exit code: 2
command: 
  "d:\QRSsoftware\Keil_v5\C51\BIN\C51.exe" .\src\main.c OMF2 TABS(4) CODE NOCOND SYMBOLS INCDIR(inc;../../QRSsoftware/Keil_v5/C51/INC/STC;../../QRSsoftware/Keil_v5/C51/INC;src) DEFINE(__UVISION_VERSION='526') OPTIMIZE(8,SPEED) SMALL ROM(LARGE) PRINT(.\build\Debug\.obj\src\main.lst) OBJECT(.\build\Debug\.obj\src\main.o)
   at unify_builder.Program.Main(String[] args_)
---
C51 COMPILER V9.60.7.0 - SN: K1DZC-HWNA8C
COPYRIGHT Copyright (C) 2012 - 2022 ARM Limited or its Affiliates. All rights reserved.
*** WARNING C206 IN LINE 20 OF .\src\main.c: '_nop_': missing function-prototype
*** ERROR C264 IN LINE 20 OF .\src\main.c: intrinsic '_nop_': declaration/activation error

C51 COMPILATION COMPLETE.  1 WARNING(S),  1 ERROR(S)

[2025-12-25 10:48:35]	[done]
	build successfully !

[2025-12-25 10:49:03]	[done]
	build successfully !

[2025-12-25 10:51:12]	[done]
	build successfully !

[2025-12-25 10:51:28]	[done]
	build successfully !

[2025-12-25 10:52:15]	[done]
	build successfully !

[2025-12-25 10:52:42]	[done]
	build successfully !

[2025-12-25 10:54:03]	[done]
	build successfully !

[2025-12-25 10:56:01]	[done]
	build successfully !

[2025-12-25 10:58:46]	[done]
	build successfully !

[2025-12-25 10:59:22]	[done]
	build successfully !

[2025-12-25 11:00:51]	[done]
	build successfully !

[2025-12-25 11:01:10]	[done]
	build successfully !

