[2025-12-24 16:19:50]	[done]
	build successfully !

[2025-12-24 16:41:15]	compilation failed at : "d:\51Project\02-≤‚ ‘\src\main.c", exit code: 2
command: 
  "d:\QRSsoftware\Keil_v5\C51\BIN\C51.exe" .\src\main.c OMF2 TABS(4) CODE NOCOND SYMBOLS INCDIR(inc;../../QRSsoftware/Keil_v5/C51/INC/STC;../../QRSsoftware/Keil_v5/C51/INC;src) DEFINE(__UVISION_VERSION='526') OPTIMIZE(8,SPEED) SMALL ROM(LARGE) PRINT(.\build\Debug\.obj\src\main.lst) OBJECT(.\build\Debug\.obj\src\main.o)
   at unify_builder.Program.Main(String[] args_)
---
C51 COMPILER V9.60.7.0 - SN: K1DZC-HWNA8C
COPYRIGHT Copyright (C) 2012 - 2022 ARM Limited or its Affiliates. All rights reserved.
*** ERROR C202 IN LINE 21 OF .\src\main.c: 'size_t': undefined identifier
*** ERROR C141 IN LINE 21 OF .\src\main.c: syntax error near 'i', expected ';'
*** ERROR C202 IN LINE 21 OF .\src\main.c: 'i': undefined identifier
*** ERROR C202 IN LINE 21 OF .\src\main.c: 'i': undefined identifier
*** ERROR C141 IN LINE 21 OF .\src\main.c: syntax error near ')', expected ';'
*** ERROR C141 IN LINE 23 OF .\src\main.c: syntax error near 'j', expected ';'
*** ERROR C202 IN LINE 23 OF .\src\main.c: 'j': undefined identifier
*** ERROR C202 IN LINE 23 OF .\src\main.c: 'j': undefined identifier
*** ERROR C141 IN LINE 23 OF .\src\main.c: syntax error near ')', expected ';'

C51 COMPILATION COMPLETE.  0 WARNING(S),  9 ERROR(S)

[2025-12-24 16:42:06]	[done]
	build successfully !

[2025-12-24 16:44:00]	[done]
	build successfully !

[2025-12-24 16:45:34]	[done]
	build successfully !

[2025-12-24 16:48:40]	[done]
	build successfully !

[2025-12-24 16:58:15]	[done]
	build successfully !

[2025-12-24 17:05:52]	[done]
	build successfully !

[2025-12-24 17:06:52]	[done]
	build successfully !

[2025-12-24 17:10:28]	[done]
	build successfully !

[2025-12-24 17:12:31]	[done]
	build successfully !

[2025-12-24 17:19:00]	[done]
	build successfully !

[2025-12-24 17:23:20]	[done]
	build successfully !

[2025-12-24 18:15:55]	[done]
	build successfully !

[2025-12-24 18:16:28]	[done]
	build successfully !

[2025-12-24 18:17:49]	compilation failed at : "d:\51Project\02-≤‚ ‘\src\main.c", exit code: 2
command: 
  "d:\QRSsoftware\Keil_v5\C51\BIN\C51.exe" .\src\main.c OMF2 TABS(4) CODE NOCOND SYMBOLS INCDIR(inc;../../QRSsoftware/Keil_v5/C51/INC/STC;../../QRSsoftware/Keil_v5/C51/INC;src) DEFINE(__UVISION_VERSION='526') OPTIMIZE(8,SPEED) SMALL ROM(LARGE) PRINT(.\build\Debug\.obj\src\main.lst) OBJECT(.\build\Debug\.obj\src\main.o)
   at unify_builder.Program.Main(String[] args_)
---
C51 COMPILER V9.60.7.0 - SN: K1DZC-HWNA8C
COPYRIGHT Copyright (C) 2012 - 2022 ARM Limited or its Affiliates. All rights reserved.
*** ERROR C141 IN LINE 38 OF .\src\main.c: syntax error near '}', expected ';'

C51 COMPILATION COMPLETE.  0 WARNING(S),  1 ERROR(S)

[2025-12-24 18:18:05]	compilation failed at : "d:\51Project\02-≤‚ ‘\src\main.c", exit code: 2
command: 
  "d:\QRSsoftware\Keil_v5\C51\BIN\C51.exe" .\src\main.c OMF2 TABS(4) CODE NOCOND SYMBOLS INCDIR(inc;../../QRSsoftware/Keil_v5/C51/INC/STC;../../QRSsoftware/Keil_v5/C51/INC;src) DEFINE(__UVISION_VERSION='526') OPTIMIZE(8,SPEED) SMALL ROM(LARGE) PRINT(.\build\Debug\.obj\src\main.lst) OBJECT(.\build\Debug\.obj\src\main.o)
   at unify_builder.Program.Main(String[] args_)
---
C51 COMPILER V9.60.7.0 - SN: K1DZC-HWNA8C
COPYRIGHT Copyright (C) 2012 - 2022 ARM Limited or its Affiliates. All rights reserved.
*** ERROR C141 IN LINE 36 OF .\src\main.c: syntax error near '}', expected ';'

C51 COMPILATION COMPLETE.  0 WARNING(S),  1 ERROR(S)

[2025-12-24 18:18:20]	[done]
	build successfully !

[2025-12-24 18:19:37]	[done]
	build successfully !

[2025-12-24 18:21:20]	[done]
	build successfully !

[2025-12-24 18:22:04]	[done]
	build successfully !

[2025-12-24 18:22:59]	compilation failed at : "d:\51Project\02-≤‚ ‘\src\main.c", exit code: 2
command: 
  "d:\QRSsoftware\Keil_v5\C51\BIN\C51.exe" .\src\main.c OMF2 TABS(4) CODE NOCOND SYMBOLS INCDIR(inc;../../QRSsoftware/Keil_v5/C51/INC/STC;../../QRSsoftware/Keil_v5/C51/INC;src) DEFINE(__UVISION_VERSION='526') OPTIMIZE(8,SPEED) SMALL ROM(LARGE) PRINT(.\build\Debug\.obj\src\main.lst) OBJECT(.\build\Debug\.obj\src\main.o)
   at unify_builder.Program.Main(String[] args_)
---
C51 COMPILER V9.60.7.0 - SN: K1DZC-HWNA8C
COPYRIGHT Copyright (C) 2012 - 2022 ARM Limited or its Affiliates. All rights reserved.
*** WARNING C206 IN LINE 10 OF .\src\main.c: '_nop_': missing function-prototype
*** ERROR C264 IN LINE 10 OF .\src\main.c: intrinsic '_nop_': declaration/activation error

C51 COMPILATION COMPLETE.  1 WARNING(S),  1 ERROR(S)

[2025-12-24 18:23:13]	[done]
	build successfully !

